<?xml version="1.0" encoding="UTF-8"?>
<!-- Generated by org.testng.reporters.JUnitReportReporter -->
<testsuite hostname="DESKTOP-0FAJM8M" failures="0" tests="1" name="samples.SampleTest" time="0.006" errors="0" timestamp="01 Apr 2018 13:01:51 GMT" skipped="0">
  <testcase classname="samples.SampleTest" name="third" time="0.006"/>
</testsuite> <!-- samples.SampleTest -->
