<?xml version="1.0" encoding="UTF-8"?>
<!-- Generated by org.testng.reporters.JUnitReportReporter -->
<testsuite hostname="DESKTOP-0FAJM8M" failures="0" tests="1" name="samples.SampleTest" time="0.007" errors="0" timestamp="01 Apr 2018 11:22:40 GMT" skipped="0">
  <testcase classname="samples.SampleTest" name="first" time="0.007"/>
</testsuite> <!-- samples.SampleTest -->
